running egg_info
creating ../build/mi_robot_manipulador_9/mi_robot_manipulador_9.egg-info
writing ../build/mi_robot_manipulador_9/mi_robot_manipulador_9.egg-info/PKG-INFO
writing dependency_links to ../build/mi_robot_manipulador_9/mi_robot_manipulador_9.egg-info/dependency_links.txt
writing entry points to ../build/mi_robot_manipulador_9/mi_robot_manipulador_9.egg-info/entry_points.txt
writing requirements to ../build/mi_robot_manipulador_9/mi_robot_manipulador_9.egg-info/requires.txt
writing top-level names to ../build/mi_robot_manipulador_9/mi_robot_manipulador_9.egg-info/top_level.txt
writing manifest file '../build/mi_robot_manipulador_9/mi_robot_manipulador_9.egg-info/SOURCES.txt'
reading manifest file '../build/mi_robot_manipulador_9/mi_robot_manipulador_9.egg-info/SOURCES.txt'
writing manifest file '../build/mi_robot_manipulador_9/mi_robot_manipulador_9.egg-info/SOURCES.txt'
running build
running build_py
creating /home/juan/Documents/robotica-grupo9_ws/src/build/mi_robot_manipulador_9/build
creating /home/juan/Documents/robotica-grupo9_ws/src/build/mi_robot_manipulador_9/build/lib
creating /home/juan/Documents/robotica-grupo9_ws/src/build/mi_robot_manipulador_9/build/lib/mi_robot_manipulador_9
copying mi_robot_manipulador_9/__init__.py -> /home/juan/Documents/robotica-grupo9_ws/src/build/mi_robot_manipulador_9/build/lib/mi_robot_manipulador_9
copying mi_robot_manipulador_9/conetionserial.py -> /home/juan/Documents/robotica-grupo9_ws/src/build/mi_robot_manipulador_9/build/lib/mi_robot_manipulador_9
copying mi_robot_manipulador_9/my_node.py -> /home/juan/Documents/robotica-grupo9_ws/src/build/mi_robot_manipulador_9/build/lib/mi_robot_manipulador_9
copying mi_robot_manipulador_9/robot_manipulator_teleop.py -> /home/juan/Documents/robotica-grupo9_ws/src/build/mi_robot_manipulador_9/build/lib/mi_robot_manipulador_9
running install
running install_lib
creating /home/juan/Documents/robotica-grupo9_ws/src/install/mi_robot_manipulador_9/lib/python3.10/site-packages/mi_robot_manipulador_9
copying /home/juan/Documents/robotica-grupo9_ws/src/build/mi_robot_manipulador_9/build/lib/mi_robot_manipulador_9/__init__.py -> /home/juan/Documents/robotica-grupo9_ws/src/install/mi_robot_manipulador_9/lib/python3.10/site-packages/mi_robot_manipulador_9
copying /home/juan/Documents/robotica-grupo9_ws/src/build/mi_robot_manipulador_9/build/lib/mi_robot_manipulador_9/conetionserial.py -> /home/juan/Documents/robotica-grupo9_ws/src/install/mi_robot_manipulador_9/lib/python3.10/site-packages/mi_robot_manipulador_9
copying /home/juan/Documents/robotica-grupo9_ws/src/build/mi_robot_manipulador_9/build/lib/mi_robot_manipulador_9/my_node.py -> /home/juan/Documents/robotica-grupo9_ws/src/install/mi_robot_manipulador_9/lib/python3.10/site-packages/mi_robot_manipulador_9
copying /home/juan/Documents/robotica-grupo9_ws/src/build/mi_robot_manipulador_9/build/lib/mi_robot_manipulador_9/robot_manipulator_teleop.py -> /home/juan/Documents/robotica-grupo9_ws/src/install/mi_robot_manipulador_9/lib/python3.10/site-packages/mi_robot_manipulador_9
byte-compiling /home/juan/Documents/robotica-grupo9_ws/src/install/mi_robot_manipulador_9/lib/python3.10/site-packages/mi_robot_manipulador_9/__init__.py to __init__.cpython-310.pyc
byte-compiling /home/juan/Documents/robotica-grupo9_ws/src/install/mi_robot_manipulador_9/lib/python3.10/site-packages/mi_robot_manipulador_9/conetionserial.py to conetionserial.cpython-310.pyc
byte-compiling /home/juan/Documents/robotica-grupo9_ws/src/install/mi_robot_manipulador_9/lib/python3.10/site-packages/mi_robot_manipulador_9/my_node.py to my_node.cpython-310.pyc
byte-compiling /home/juan/Documents/robotica-grupo9_ws/src/install/mi_robot_manipulador_9/lib/python3.10/site-packages/mi_robot_manipulador_9/robot_manipulator_teleop.py to robot_manipulator_teleop.cpython-310.pyc
running install_data
creating /home/juan/Documents/robotica-grupo9_ws/src/install/mi_robot_manipulador_9/share/ament_index
creating /home/juan/Documents/robotica-grupo9_ws/src/install/mi_robot_manipulador_9/share/ament_index/resource_index
creating /home/juan/Documents/robotica-grupo9_ws/src/install/mi_robot_manipulador_9/share/ament_index/resource_index/packages
copying resource/mi_robot_manipulador_9 -> /home/juan/Documents/robotica-grupo9_ws/src/install/mi_robot_manipulador_9/share/ament_index/resource_index/packages
copying package.xml -> /home/juan/Documents/robotica-grupo9_ws/src/install/mi_robot_manipulador_9/share/mi_robot_manipulador_9
running install_egg_info
Copying ../build/mi_robot_manipulador_9/mi_robot_manipulador_9.egg-info to /home/juan/Documents/robotica-grupo9_ws/src/install/mi_robot_manipulador_9/lib/python3.10/site-packages/mi_robot_manipulador_9-0.0.0-py3.10.egg-info
running install_scripts
Installing conectionserial script to /home/juan/Documents/robotica-grupo9_ws/src/install/mi_robot_manipulador_9/lib/mi_robot_manipulador_9
Installing my_node script to /home/juan/Documents/robotica-grupo9_ws/src/install/mi_robot_manipulador_9/lib/mi_robot_manipulador_9
Installing robot_manipulator_teleop script to /home/juan/Documents/robotica-grupo9_ws/src/install/mi_robot_manipulador_9/lib/mi_robot_manipulador_9
writing list of installed files to '/home/juan/Documents/robotica-grupo9_ws/src/build/mi_robot_manipulador_9/install.log'
