running egg_info
writing build/mi_robot_manipulador_9/mi_robot_manipulador_9.egg-info/PKG-INFO
writing dependency_links to build/mi_robot_manipulador_9/mi_robot_manipulador_9.egg-info/dependency_links.txt
writing entry points to build/mi_robot_manipulador_9/mi_robot_manipulador_9.egg-info/entry_points.txt
writing requirements to build/mi_robot_manipulador_9/mi_robot_manipulador_9.egg-info/requires.txt
writing top-level names to build/mi_robot_manipulador_9/mi_robot_manipulador_9.egg-info/top_level.txt
reading manifest file 'build/mi_robot_manipulador_9/mi_robot_manipulador_9.egg-info/SOURCES.txt'
writing manifest file 'build/mi_robot_manipulador_9/mi_robot_manipulador_9.egg-info/SOURCES.txt'
running build
running build_py
copying mi_robot_manipulador_9/robot_manipulator_teleop.py -> /home/juan/Documents/robotica-grupo9_ws/src/mi_robot_manipulador_9/build/mi_robot_manipulador_9/build/lib/mi_robot_manipulador_9
running install
running install_lib
copying /home/juan/Documents/robotica-grupo9_ws/src/mi_robot_manipulador_9/build/mi_robot_manipulador_9/build/lib/mi_robot_manipulador_9/robot_manipulator_teleop.py -> /home/juan/Documents/robotica-grupo9_ws/src/mi_robot_manipulador_9/install/mi_robot_manipulador_9/lib/python3.10/site-packages/mi_robot_manipulador_9
byte-compiling /home/juan/Documents/robotica-grupo9_ws/src/mi_robot_manipulador_9/install/mi_robot_manipulador_9/lib/python3.10/site-packages/mi_robot_manipulador_9/robot_manipulator_teleop.py to robot_manipulator_teleop.cpython-310.pyc
running install_data
running install_egg_info
removing '/home/juan/Documents/robotica-grupo9_ws/src/mi_robot_manipulador_9/install/mi_robot_manipulador_9/lib/python3.10/site-packages/mi_robot_manipulador_9-0.0.0-py3.10.egg-info' (and everything under it)
Copying build/mi_robot_manipulador_9/mi_robot_manipulador_9.egg-info to /home/juan/Documents/robotica-grupo9_ws/src/mi_robot_manipulador_9/install/mi_robot_manipulador_9/lib/python3.10/site-packages/mi_robot_manipulador_9-0.0.0-py3.10.egg-info
running install_scripts
Installing conectionserial script to /home/juan/Documents/robotica-grupo9_ws/src/mi_robot_manipulador_9/install/mi_robot_manipulador_9/lib/mi_robot_manipulador_9
Installing my_node script to /home/juan/Documents/robotica-grupo9_ws/src/mi_robot_manipulador_9/install/mi_robot_manipulador_9/lib/mi_robot_manipulador_9
Installing robot_manipulator_teleop script to /home/juan/Documents/robotica-grupo9_ws/src/mi_robot_manipulador_9/install/mi_robot_manipulador_9/lib/mi_robot_manipulador_9
writing list of installed files to '/home/juan/Documents/robotica-grupo9_ws/src/mi_robot_manipulador_9/build/mi_robot_manipulador_9/install.log'
