[1.876s] Invoking command in '/home/juan/Documents/robotica-grupo9_ws/src/mi_robot_manipulador_9': PYTHONPATH=/home/juan/Documents/robotica-grupo9_ws/src/mi_robot_manipulador_9/build/mi_robot_manipulador_9/prefix_override:/home/juan/Documents/robotica-grupo9_ws/src/mi_robot_manipulador_9/install/mi_robot_manipulador_9/lib/python3.10/site-packages:${PYTHONPATH} /usr/bin/python3 setup.py egg_info --egg-base build/mi_robot_manipulador_9 build --build-base /home/juan/Documents/robotica-grupo9_ws/src/mi_robot_manipulador_9/build/mi_robot_manipulador_9/build install --record /home/juan/Documents/robotica-grupo9_ws/src/mi_robot_manipulador_9/build/mi_robot_manipulador_9/install.log --single-version-externally-managed
[2.588s] running egg_info
[2.590s] writing build/mi_robot_manipulador_9/mi_robot_manipulador_9.egg-info/PKG-INFO
[2.590s] writing dependency_links to build/mi_robot_manipulador_9/mi_robot_manipulador_9.egg-info/dependency_links.txt
[2.591s] writing entry points to build/mi_robot_manipulador_9/mi_robot_manipulador_9.egg-info/entry_points.txt
[2.591s] writing requirements to build/mi_robot_manipulador_9/mi_robot_manipulador_9.egg-info/requires.txt
[2.591s] writing top-level names to build/mi_robot_manipulador_9/mi_robot_manipulador_9.egg-info/top_level.txt
[2.595s] reading manifest file 'build/mi_robot_manipulador_9/mi_robot_manipulador_9.egg-info/SOURCES.txt'
[2.600s] writing manifest file 'build/mi_robot_manipulador_9/mi_robot_manipulador_9.egg-info/SOURCES.txt'
[2.600s] running build
[2.600s] running build_py
[2.601s] copying mi_robot_manipulador_9/robot_manipulator_teleop.py -> /home/juan/Documents/robotica-grupo9_ws/src/mi_robot_manipulador_9/build/mi_robot_manipulador_9/build/lib/mi_robot_manipulador_9
[2.601s] running install
[2.602s] running install_lib
[2.604s] copying /home/juan/Documents/robotica-grupo9_ws/src/mi_robot_manipulador_9/build/mi_robot_manipulador_9/build/lib/mi_robot_manipulador_9/robot_manipulator_teleop.py -> /home/juan/Documents/robotica-grupo9_ws/src/mi_robot_manipulador_9/install/mi_robot_manipulador_9/lib/python3.10/site-packages/mi_robot_manipulador_9
[2.605s] byte-compiling /home/juan/Documents/robotica-grupo9_ws/src/mi_robot_manipulador_9/install/mi_robot_manipulador_9/lib/python3.10/site-packages/mi_robot_manipulador_9/robot_manipulator_teleop.py to robot_manipulator_teleop.cpython-310.pyc
[2.608s] running install_data
[2.610s] running install_egg_info
[2.615s] removing '/home/juan/Documents/robotica-grupo9_ws/src/mi_robot_manipulador_9/install/mi_robot_manipulador_9/lib/python3.10/site-packages/mi_robot_manipulador_9-0.0.0-py3.10.egg-info' (and everything under it)
[2.616s] Copying build/mi_robot_manipulador_9/mi_robot_manipulador_9.egg-info to /home/juan/Documents/robotica-grupo9_ws/src/mi_robot_manipulador_9/install/mi_robot_manipulador_9/lib/python3.10/site-packages/mi_robot_manipulador_9-0.0.0-py3.10.egg-info
[2.621s] running install_scripts
[2.667s] Installing conectionserial script to /home/juan/Documents/robotica-grupo9_ws/src/mi_robot_manipulador_9/install/mi_robot_manipulador_9/lib/mi_robot_manipulador_9
[2.668s] Installing my_node script to /home/juan/Documents/robotica-grupo9_ws/src/mi_robot_manipulador_9/install/mi_robot_manipulador_9/lib/mi_robot_manipulador_9
[2.668s] Installing robot_manipulator_teleop script to /home/juan/Documents/robotica-grupo9_ws/src/mi_robot_manipulador_9/install/mi_robot_manipulador_9/lib/mi_robot_manipulador_9
[2.668s] writing list of installed files to '/home/juan/Documents/robotica-grupo9_ws/src/mi_robot_manipulador_9/build/mi_robot_manipulador_9/install.log'
[2.721s] Invoked command in '/home/juan/Documents/robotica-grupo9_ws/src/mi_robot_manipulador_9' returned '0': PYTHONPATH=/home/juan/Documents/robotica-grupo9_ws/src/mi_robot_manipulador_9/build/mi_robot_manipulador_9/prefix_override:/home/juan/Documents/robotica-grupo9_ws/src/mi_robot_manipulador_9/install/mi_robot_manipulador_9/lib/python3.10/site-packages:${PYTHONPATH} /usr/bin/python3 setup.py egg_info --egg-base build/mi_robot_manipulador_9 build --build-base /home/juan/Documents/robotica-grupo9_ws/src/mi_robot_manipulador_9/build/mi_robot_manipulador_9/build install --record /home/juan/Documents/robotica-grupo9_ws/src/mi_robot_manipulador_9/build/mi_robot_manipulador_9/install.log --single-version-externally-managed
