[1.026s] Invoking command in '/home/juan/Documents/robotica-grupo9_ws/src/mi_robot_manipulador_9': PYTHONPATH=/home/juan/Documents/robotica-grupo9_ws/build/mi_robot_manipulador_9/prefix_override:/home/juan/Documents/robotica-grupo9_ws/install/mi_robot_manipulador_9/lib/python3.10/site-packages:${PYTHONPATH} /usr/bin/python3 setup.py egg_info --egg-base ../../build/mi_robot_manipulador_9 build --build-base /home/juan/Documents/robotica-grupo9_ws/build/mi_robot_manipulador_9/build install --record /home/juan/Documents/robotica-grupo9_ws/build/mi_robot_manipulador_9/install.log --single-version-externally-managed
[1.338s] running egg_info
[1.338s] writing ../../build/mi_robot_manipulador_9/mi_robot_manipulador_9.egg-info/PKG-INFO
[1.338s] writing dependency_links to ../../build/mi_robot_manipulador_9/mi_robot_manipulador_9.egg-info/dependency_links.txt
[1.339s] writing entry points to ../../build/mi_robot_manipulador_9/mi_robot_manipulador_9.egg-info/entry_points.txt
[1.339s] writing requirements to ../../build/mi_robot_manipulador_9/mi_robot_manipulador_9.egg-info/requires.txt
[1.339s] writing top-level names to ../../build/mi_robot_manipulador_9/mi_robot_manipulador_9.egg-info/top_level.txt
[1.341s] reading manifest file '../../build/mi_robot_manipulador_9/mi_robot_manipulador_9.egg-info/SOURCES.txt'
[1.347s] writing manifest file '../../build/mi_robot_manipulador_9/mi_robot_manipulador_9.egg-info/SOURCES.txt'
[1.347s] running build
[1.347s] running build_py
[1.347s] copying mi_robot_manipulador_9/conetionserial.py -> /home/juan/Documents/robotica-grupo9_ws/build/mi_robot_manipulador_9/build/lib/mi_robot_manipulador_9
[1.347s] copying mi_robot_manipulador_9/robot_manipulator_teleop.py -> /home/juan/Documents/robotica-grupo9_ws/build/mi_robot_manipulador_9/build/lib/mi_robot_manipulador_9
[1.347s] running install
[1.348s] running install_lib
[1.348s] copying /home/juan/Documents/robotica-grupo9_ws/build/mi_robot_manipulador_9/build/lib/mi_robot_manipulador_9/conetionserial.py -> /home/juan/Documents/robotica-grupo9_ws/install/mi_robot_manipulador_9/lib/python3.10/site-packages/mi_robot_manipulador_9
[1.349s] copying /home/juan/Documents/robotica-grupo9_ws/build/mi_robot_manipulador_9/build/lib/mi_robot_manipulador_9/robot_manipulator_teleop.py -> /home/juan/Documents/robotica-grupo9_ws/install/mi_robot_manipulador_9/lib/python3.10/site-packages/mi_robot_manipulador_9
[1.349s] byte-compiling /home/juan/Documents/robotica-grupo9_ws/install/mi_robot_manipulador_9/lib/python3.10/site-packages/mi_robot_manipulador_9/conetionserial.py to conetionserial.cpython-310.pyc
[1.350s] byte-compiling /home/juan/Documents/robotica-grupo9_ws/install/mi_robot_manipulador_9/lib/python3.10/site-packages/mi_robot_manipulador_9/robot_manipulator_teleop.py to robot_manipulator_teleop.cpython-310.pyc
[1.351s] running install_data
[1.351s] running install_egg_info
[1.353s] removing '/home/juan/Documents/robotica-grupo9_ws/install/mi_robot_manipulador_9/lib/python3.10/site-packages/mi_robot_manipulador_9-0.0.0-py3.10.egg-info' (and everything under it)
[1.353s] Copying ../../build/mi_robot_manipulador_9/mi_robot_manipulador_9.egg-info to /home/juan/Documents/robotica-grupo9_ws/install/mi_robot_manipulador_9/lib/python3.10/site-packages/mi_robot_manipulador_9-0.0.0-py3.10.egg-info
[1.354s] running install_scripts
[1.374s] Installing conectionserial script to /home/juan/Documents/robotica-grupo9_ws/install/mi_robot_manipulador_9/lib/mi_robot_manipulador_9
[1.374s] Installing my_node script to /home/juan/Documents/robotica-grupo9_ws/install/mi_robot_manipulador_9/lib/mi_robot_manipulador_9
[1.374s] Installing robot_manipulator_teleop script to /home/juan/Documents/robotica-grupo9_ws/install/mi_robot_manipulador_9/lib/mi_robot_manipulador_9
[1.374s] writing list of installed files to '/home/juan/Documents/robotica-grupo9_ws/build/mi_robot_manipulador_9/install.log'
[1.400s] Invoked command in '/home/juan/Documents/robotica-grupo9_ws/src/mi_robot_manipulador_9' returned '0': PYTHONPATH=/home/juan/Documents/robotica-grupo9_ws/build/mi_robot_manipulador_9/prefix_override:/home/juan/Documents/robotica-grupo9_ws/install/mi_robot_manipulador_9/lib/python3.10/site-packages:${PYTHONPATH} /usr/bin/python3 setup.py egg_info --egg-base ../../build/mi_robot_manipulador_9 build --build-base /home/juan/Documents/robotica-grupo9_ws/build/mi_robot_manipulador_9/build install --record /home/juan/Documents/robotica-grupo9_ws/build/mi_robot_manipulador_9/install.log --single-version-externally-managed
