[0.930s] DEBUG:colcon:Command line arguments: ['/usr/bin/colcon', 'build']
[0.930s] DEBUG:colcon:Parsed command line arguments: Namespace(log_base=None, log_level=None, verb_name='build', build_base='build', install_base='install', merge_install=False, symlink_install=False, test_result_base=None, continue_on_error=False, executor='parallel', parallel_workers=8, event_handlers=None, ignore_user_meta=False, metas=['./colcon.meta'], base_paths=['.'], packages_ignore=None, packages_ignore_regex=None, paths=None, packages_up_to=None, packages_up_to_regex=None, packages_above=None, packages_above_and_dependencies=None, packages_above_depth=None, packages_select_by_dep=None, packages_skip_by_dep=None, packages_skip_up_to=None, packages_select_build_failed=False, packages_skip_build_finished=False, packages_select_test_failures=False, packages_skip_test_passed=False, packages_select=None, packages_skip=None, packages_select_regex=None, packages_skip_regex=None, packages_start=None, packages_end=None, allow_overriding=[], cmake_args=None, cmake_target=None, cmake_target_skip_unavailable=False, cmake_clean_cache=False, cmake_clean_first=False, cmake_force_configure=False, ament_cmake_args=None, catkin_cmake_args=None, catkin_skip_building_tests=False, mixin_files=None, mixin=None, verb_parser=<colcon_mixin.mixin.mixin_argument.MixinArgumentDecorator object at 0x7fa955aea410>, verb_extension=<colcon_core.verb.build.BuildVerb object at 0x7fa955ae9d80>, main=<bound method BuildVerb.main of <colcon_core.verb.build.BuildVerb object at 0x7fa955ae9d80>>, mixin_verb=('build',))
[1.021s] Level 1:colcon.colcon_core.package_discovery:discover_packages(colcon_meta) check parameters
[1.021s] Level 1:colcon.colcon_core.package_discovery:discover_packages(recursive) check parameters
[1.022s] Level 1:colcon.colcon_core.package_discovery:discover_packages(ignore) check parameters
[1.022s] Level 1:colcon.colcon_core.package_discovery:discover_packages(path) check parameters
[1.022s] Level 1:colcon.colcon_core.package_discovery:discover_packages(colcon_meta) discover
[1.022s] Level 1:colcon.colcon_core.package_discovery:discover_packages(recursive) discover
[1.022s] INFO:colcon.colcon_core.package_discovery:Crawling recursively for packages in '/home/juan/Documents/robotica-grupo9_ws/src/mi_robot_manipulador_9'
[1.022s] Level 1:colcon.colcon_core.package_identification:_identify(.) by extensions ['ignore', 'ignore_ament_install']
[1.022s] Level 1:colcon.colcon_core.package_identification:_identify(.) by extension 'ignore'
[1.022s] Level 1:colcon.colcon_core.package_identification:_identify(.) by extension 'ignore_ament_install'
[1.023s] Level 1:colcon.colcon_core.package_identification:_identify(.) by extensions ['colcon_pkg']
[1.023s] Level 1:colcon.colcon_core.package_identification:_identify(.) by extension 'colcon_pkg'
[1.023s] Level 1:colcon.colcon_core.package_identification:_identify(.) by extensions ['colcon_meta']
[1.023s] Level 1:colcon.colcon_core.package_identification:_identify(.) by extension 'colcon_meta'
[1.023s] Level 1:colcon.colcon_core.package_identification:_identify(.) by extensions ['ros']
[1.023s] Level 1:colcon.colcon_core.package_identification:_identify(.) by extension 'ros'
[1.051s] DEBUG:colcon.colcon_core.package_identification:Package '.' with type 'ros.ament_python' and name 'mi_robot_manipulador_9'
[1.051s] Level 1:colcon.colcon_core.package_discovery:discover_packages(recursive) using defaults
[1.051s] Level 1:colcon.colcon_core.package_discovery:discover_packages(ignore) discover
[1.051s] Level 1:colcon.colcon_core.package_discovery:discover_packages(ignore) using defaults
[1.051s] Level 1:colcon.colcon_core.package_discovery:discover_packages(path) discover
[1.051s] Level 1:colcon.colcon_core.package_discovery:discover_packages(path) using defaults
[1.101s] Level 1:colcon.colcon_core.package_discovery:discover_packages(prefix_path) check parameters
[1.102s] Level 1:colcon.colcon_core.package_discovery:discover_packages(prefix_path) discover
[1.110s] DEBUG:colcon.colcon_installed_package_information.package_discovery:Found 325 installed packages in /opt/ros/humble
[1.113s] Level 1:colcon.colcon_core.package_discovery:discover_packages(prefix_path) using defaults
[1.274s] Level 5:colcon.colcon_core.verb:set package 'mi_robot_manipulador_9' build argument 'cmake_args' from command line to 'None'
[1.275s] Level 5:colcon.colcon_core.verb:set package 'mi_robot_manipulador_9' build argument 'cmake_target' from command line to 'None'
[1.275s] Level 5:colcon.colcon_core.verb:set package 'mi_robot_manipulador_9' build argument 'cmake_target_skip_unavailable' from command line to 'False'
[1.275s] Level 5:colcon.colcon_core.verb:set package 'mi_robot_manipulador_9' build argument 'cmake_clean_cache' from command line to 'False'
[1.275s] Level 5:colcon.colcon_core.verb:set package 'mi_robot_manipulador_9' build argument 'cmake_clean_first' from command line to 'False'
[1.275s] Level 5:colcon.colcon_core.verb:set package 'mi_robot_manipulador_9' build argument 'cmake_force_configure' from command line to 'False'
[1.275s] Level 5:colcon.colcon_core.verb:set package 'mi_robot_manipulador_9' build argument 'ament_cmake_args' from command line to 'None'
[1.275s] Level 5:colcon.colcon_core.verb:set package 'mi_robot_manipulador_9' build argument 'catkin_cmake_args' from command line to 'None'
[1.275s] Level 5:colcon.colcon_core.verb:set package 'mi_robot_manipulador_9' build argument 'catkin_skip_building_tests' from command line to 'False'
[1.275s] DEBUG:colcon.colcon_core.verb:Building package 'mi_robot_manipulador_9' with the following arguments: {'ament_cmake_args': None, 'build_base': '/home/juan/Documents/robotica-grupo9_ws/src/mi_robot_manipulador_9/build/mi_robot_manipulador_9', 'catkin_cmake_args': None, 'catkin_skip_building_tests': False, 'cmake_args': None, 'cmake_clean_cache': False, 'cmake_clean_first': False, 'cmake_force_configure': False, 'cmake_target': None, 'cmake_target_skip_unavailable': False, 'install_base': '/home/juan/Documents/robotica-grupo9_ws/src/mi_robot_manipulador_9/install/mi_robot_manipulador_9', 'merge_install': False, 'path': '/home/juan/Documents/robotica-grupo9_ws/src/mi_robot_manipulador_9', 'symlink_install': False, 'test_result_base': None}
[1.277s] INFO:colcon.colcon_core.executor:Executing jobs using 'parallel' executor
[1.283s] DEBUG:colcon.colcon_parallel_executor.executor.parallel:run_until_complete
[1.284s] INFO:colcon.colcon_ros.task.ament_python.build:Building ROS package in '/home/juan/Documents/robotica-grupo9_ws/src/mi_robot_manipulador_9' with build type 'ament_python'
[1.284s] Level 1:colcon.colcon_core.shell:create_environment_hook('mi_robot_manipulador_9', 'ament_prefix_path')
[1.294s] INFO:colcon.colcon_core.plugin_system:Skipping extension 'colcon_core.shell.bat': Not used on non-Windows systems
[1.294s] INFO:colcon.colcon_core.shell:Creating environment hook '/home/juan/Documents/robotica-grupo9_ws/src/mi_robot_manipulador_9/install/mi_robot_manipulador_9/share/mi_robot_manipulador_9/hook/ament_prefix_path.ps1'
[1.303s] INFO:colcon.colcon_core.shell:Creating environment descriptor '/home/juan/Documents/robotica-grupo9_ws/src/mi_robot_manipulador_9/install/mi_robot_manipulador_9/share/mi_robot_manipulador_9/hook/ament_prefix_path.dsv'
[1.304s] INFO:colcon.colcon_core.shell:Creating environment hook '/home/juan/Documents/robotica-grupo9_ws/src/mi_robot_manipulador_9/install/mi_robot_manipulador_9/share/mi_robot_manipulador_9/hook/ament_prefix_path.sh'
[1.311s] INFO:colcon.colcon_core.shell:Skip shell extension 'powershell' for command environment: Not usable outside of PowerShell
[1.311s] DEBUG:colcon.colcon_core.shell:Skip shell extension 'dsv' for command environment
[2.089s] INFO:colcon.colcon_core.task.python.build:Building Python package in '/home/juan/Documents/robotica-grupo9_ws/src/mi_robot_manipulador_9'
[2.093s] INFO:colcon.colcon_core.shell:Skip shell extension 'powershell' for command environment: Not usable outside of PowerShell
[2.094s] DEBUG:colcon.colcon_core.shell:Skip shell extension 'dsv' for command environment
[3.163s] DEBUG:colcon.colcon_core.event_handler.log_command:Invoking command in '/home/juan/Documents/robotica-grupo9_ws/src/mi_robot_manipulador_9': PYTHONPATH=/home/juan/Documents/robotica-grupo9_ws/src/mi_robot_manipulador_9/build/mi_robot_manipulador_9/prefix_override:/home/juan/Documents/robotica-grupo9_ws/src/mi_robot_manipulador_9/install/mi_robot_manipulador_9/lib/python3.10/site-packages:${PYTHONPATH} /usr/bin/python3 setup.py egg_info --egg-base build/mi_robot_manipulador_9 build --build-base /home/juan/Documents/robotica-grupo9_ws/src/mi_robot_manipulador_9/build/mi_robot_manipulador_9/build install --record /home/juan/Documents/robotica-grupo9_ws/src/mi_robot_manipulador_9/build/mi_robot_manipulador_9/install.log --single-version-externally-managed
[4.009s] DEBUG:colcon.colcon_core.event_handler.log_command:Invoked command in '/home/juan/Documents/robotica-grupo9_ws/src/mi_robot_manipulador_9' returned '0': PYTHONPATH=/home/juan/Documents/robotica-grupo9_ws/src/mi_robot_manipulador_9/build/mi_robot_manipulador_9/prefix_override:/home/juan/Documents/robotica-grupo9_ws/src/mi_robot_manipulador_9/install/mi_robot_manipulador_9/lib/python3.10/site-packages:${PYTHONPATH} /usr/bin/python3 setup.py egg_info --egg-base build/mi_robot_manipulador_9 build --build-base /home/juan/Documents/robotica-grupo9_ws/src/mi_robot_manipulador_9/build/mi_robot_manipulador_9/build install --record /home/juan/Documents/robotica-grupo9_ws/src/mi_robot_manipulador_9/build/mi_robot_manipulador_9/install.log --single-version-externally-managed
[4.017s] Level 1:colcon.colcon_core.environment:checking '/home/juan/Documents/robotica-grupo9_ws/src/mi_robot_manipulador_9/install/mi_robot_manipulador_9' for CMake module files
[4.019s] Level 1:colcon.colcon_core.environment:checking '/home/juan/Documents/robotica-grupo9_ws/src/mi_robot_manipulador_9/install/mi_robot_manipulador_9' for CMake config files
[4.021s] Level 1:colcon.colcon_core.environment:checking '/home/juan/Documents/robotica-grupo9_ws/src/mi_robot_manipulador_9/install/mi_robot_manipulador_9/lib'
[4.021s] Level 1:colcon.colcon_core.environment:checking '/home/juan/Documents/robotica-grupo9_ws/src/mi_robot_manipulador_9/install/mi_robot_manipulador_9/bin'
[4.022s] Level 1:colcon.colcon_core.environment:checking '/home/juan/Documents/robotica-grupo9_ws/src/mi_robot_manipulador_9/install/mi_robot_manipulador_9/lib/pkgconfig/mi_robot_manipulador_9.pc'
[4.022s] Level 1:colcon.colcon_core.environment:checking '/home/juan/Documents/robotica-grupo9_ws/src/mi_robot_manipulador_9/install/mi_robot_manipulador_9/lib/python3.10/site-packages'
[4.022s] Level 1:colcon.colcon_core.shell:create_environment_hook('mi_robot_manipulador_9', 'pythonpath')
[4.026s] INFO:colcon.colcon_core.shell:Creating environment hook '/home/juan/Documents/robotica-grupo9_ws/src/mi_robot_manipulador_9/install/mi_robot_manipulador_9/share/mi_robot_manipulador_9/hook/pythonpath.ps1'
[4.027s] INFO:colcon.colcon_core.shell:Creating environment descriptor '/home/juan/Documents/robotica-grupo9_ws/src/mi_robot_manipulador_9/install/mi_robot_manipulador_9/share/mi_robot_manipulador_9/hook/pythonpath.dsv'
[4.027s] INFO:colcon.colcon_core.shell:Creating environment hook '/home/juan/Documents/robotica-grupo9_ws/src/mi_robot_manipulador_9/install/mi_robot_manipulador_9/share/mi_robot_manipulador_9/hook/pythonpath.sh'
[4.028s] Level 1:colcon.colcon_core.environment:checking '/home/juan/Documents/robotica-grupo9_ws/src/mi_robot_manipulador_9/install/mi_robot_manipulador_9/bin'
[4.028s] Level 1:colcon.colcon_core.environment:create_environment_scripts_only(mi_robot_manipulador_9)
[4.031s] INFO:colcon.colcon_core.shell:Creating package script '/home/juan/Documents/robotica-grupo9_ws/src/mi_robot_manipulador_9/install/mi_robot_manipulador_9/share/mi_robot_manipulador_9/package.ps1'
[4.033s] INFO:colcon.colcon_core.shell:Creating package descriptor '/home/juan/Documents/robotica-grupo9_ws/src/mi_robot_manipulador_9/install/mi_robot_manipulador_9/share/mi_robot_manipulador_9/package.dsv'
[4.034s] INFO:colcon.colcon_core.shell:Creating package script '/home/juan/Documents/robotica-grupo9_ws/src/mi_robot_manipulador_9/install/mi_robot_manipulador_9/share/mi_robot_manipulador_9/package.sh'
[4.036s] INFO:colcon.colcon_core.shell:Creating package script '/home/juan/Documents/robotica-grupo9_ws/src/mi_robot_manipulador_9/install/mi_robot_manipulador_9/share/mi_robot_manipulador_9/package.bash'
[4.037s] INFO:colcon.colcon_core.shell:Creating package script '/home/juan/Documents/robotica-grupo9_ws/src/mi_robot_manipulador_9/install/mi_robot_manipulador_9/share/mi_robot_manipulador_9/package.zsh'
[4.039s] Level 1:colcon.colcon_core.environment:create_file_with_runtime_dependencies(/home/juan/Documents/robotica-grupo9_ws/src/mi_robot_manipulador_9/install/mi_robot_manipulador_9/share/colcon-core/packages/mi_robot_manipulador_9)
[4.039s] DEBUG:colcon.colcon_parallel_executor.executor.parallel:closing loop
[4.040s] DEBUG:colcon.colcon_parallel_executor.executor.parallel:loop closed
[4.040s] DEBUG:colcon.colcon_parallel_executor.executor.parallel:run_until_complete finished with '0'
[4.040s] DEBUG:colcon.colcon_core.event_reactor:joining thread
[4.053s] INFO:colcon.colcon_core.plugin_system:Skipping extension 'colcon_notification.desktop_notification.terminal_notifier': Not used on non-Darwin systems
[4.054s] INFO:colcon.colcon_core.plugin_system:Skipping extension 'colcon_notification.desktop_notification.win32': Not used on non-Windows systems
[4.054s] INFO:colcon.colcon_notification.desktop_notification:Sending desktop notification using 'notify2'
[4.083s] DEBUG:colcon.colcon_core.event_reactor:joined thread
[4.088s] INFO:colcon.colcon_core.shell:Creating prefix script '/home/juan/Documents/robotica-grupo9_ws/src/mi_robot_manipulador_9/install/local_setup.ps1'
[4.091s] INFO:colcon.colcon_core.shell:Creating prefix util module '/home/juan/Documents/robotica-grupo9_ws/src/mi_robot_manipulador_9/install/_local_setup_util_ps1.py'
[4.094s] INFO:colcon.colcon_core.shell:Creating prefix chain script '/home/juan/Documents/robotica-grupo9_ws/src/mi_robot_manipulador_9/install/setup.ps1'
[4.097s] INFO:colcon.colcon_core.shell:Creating prefix script '/home/juan/Documents/robotica-grupo9_ws/src/mi_robot_manipulador_9/install/local_setup.sh'
[4.098s] INFO:colcon.colcon_core.shell:Creating prefix util module '/home/juan/Documents/robotica-grupo9_ws/src/mi_robot_manipulador_9/install/_local_setup_util_sh.py'
[4.099s] INFO:colcon.colcon_core.shell:Creating prefix chain script '/home/juan/Documents/robotica-grupo9_ws/src/mi_robot_manipulador_9/install/setup.sh'
[4.103s] INFO:colcon.colcon_core.shell:Creating prefix script '/home/juan/Documents/robotica-grupo9_ws/src/mi_robot_manipulador_9/install/local_setup.bash'
[4.104s] INFO:colcon.colcon_core.shell:Creating prefix chain script '/home/juan/Documents/robotica-grupo9_ws/src/mi_robot_manipulador_9/install/setup.bash'
[4.109s] INFO:colcon.colcon_core.shell:Creating prefix script '/home/juan/Documents/robotica-grupo9_ws/src/mi_robot_manipulador_9/install/local_setup.zsh'
[4.111s] INFO:colcon.colcon_core.shell:Creating prefix chain script '/home/juan/Documents/robotica-grupo9_ws/src/mi_robot_manipulador_9/install/setup.zsh'
