/home/juan/Documents/robotica-grupo9_ws/src/mi_robot_manipulador_9/install/mi_robot_manipulador_9/lib/python3.10/site-packages/mi_robot_manipulador_9/__init__.py
/home/juan/Documents/robotica-grupo9_ws/src/mi_robot_manipulador_9/install/mi_robot_manipulador_9/lib/python3.10/site-packages/mi_robot_manipulador_9/conetionserial.py
/home/juan/Documents/robotica-grupo9_ws/src/mi_robot_manipulador_9/install/mi_robot_manipulador_9/lib/python3.10/site-packages/mi_robot_manipulador_9/my_node.py
/home/juan/Documents/robotica-grupo9_ws/src/mi_robot_manipulador_9/install/mi_robot_manipulador_9/lib/python3.10/site-packages/mi_robot_manipulador_9/robot_manipulator_teleop.py
/home/juan/Documents/robotica-grupo9_ws/src/mi_robot_manipulador_9/install/mi_robot_manipulador_9/lib/python3.10/site-packages/mi_robot_manipulador_9/__pycache__/__init__.cpython-310.pyc
/home/juan/Documents/robotica-grupo9_ws/src/mi_robot_manipulador_9/install/mi_robot_manipulador_9/lib/python3.10/site-packages/mi_robot_manipulador_9/__pycache__/conetionserial.cpython-310.pyc
/home/juan/Documents/robotica-grupo9_ws/src/mi_robot_manipulador_9/install/mi_robot_manipulador_9/lib/python3.10/site-packages/mi_robot_manipulador_9/__pycache__/my_node.cpython-310.pyc
/home/juan/Documents/robotica-grupo9_ws/src/mi_robot_manipulador_9/install/mi_robot_manipulador_9/lib/python3.10/site-packages/mi_robot_manipulador_9/__pycache__/robot_manipulator_teleop.cpython-310.pyc
/home/juan/Documents/robotica-grupo9_ws/src/mi_robot_manipulador_9/install/mi_robot_manipulador_9/share/ament_index/resource_index/packages/mi_robot_manipulador_9
/home/juan/Documents/robotica-grupo9_ws/src/mi_robot_manipulador_9/install/mi_robot_manipulador_9/share/mi_robot_manipulador_9/package.xml
/home/juan/Documents/robotica-grupo9_ws/src/mi_robot_manipulador_9/install/mi_robot_manipulador_9/lib/python3.10/site-packages/mi_robot_manipulador_9-0.0.0-py3.10.egg-info/entry_points.txt
/home/juan/Documents/robotica-grupo9_ws/src/mi_robot_manipulador_9/install/mi_robot_manipulador_9/lib/python3.10/site-packages/mi_robot_manipulador_9-0.0.0-py3.10.egg-info/requires.txt
/home/juan/Documents/robotica-grupo9_ws/src/mi_robot_manipulador_9/install/mi_robot_manipulador_9/lib/python3.10/site-packages/mi_robot_manipulador_9-0.0.0-py3.10.egg-info/dependency_links.txt
/home/juan/Documents/robotica-grupo9_ws/src/mi_robot_manipulador_9/install/mi_robot_manipulador_9/lib/python3.10/site-packages/mi_robot_manipulador_9-0.0.0-py3.10.egg-info/top_level.txt
/home/juan/Documents/robotica-grupo9_ws/src/mi_robot_manipulador_9/install/mi_robot_manipulador_9/lib/python3.10/site-packages/mi_robot_manipulador_9-0.0.0-py3.10.egg-info/zip-safe
/home/juan/Documents/robotica-grupo9_ws/src/mi_robot_manipulador_9/install/mi_robot_manipulador_9/lib/python3.10/site-packages/mi_robot_manipulador_9-0.0.0-py3.10.egg-info/PKG-INFO
/home/juan/Documents/robotica-grupo9_ws/src/mi_robot_manipulador_9/install/mi_robot_manipulador_9/lib/python3.10/site-packages/mi_robot_manipulador_9-0.0.0-py3.10.egg-info/SOURCES.txt
/home/juan/Documents/robotica-grupo9_ws/src/mi_robot_manipulador_9/install/mi_robot_manipulador_9/lib/mi_robot_manipulador_9/conectionserial
/home/juan/Documents/robotica-grupo9_ws/src/mi_robot_manipulador_9/install/mi_robot_manipulador_9/lib/mi_robot_manipulador_9/my_node
/home/juan/Documents/robotica-grupo9_ws/src/mi_robot_manipulador_9/install/mi_robot_manipulador_9/lib/mi_robot_manipulador_9/robot_manipulator_teleop
